<?xml version="1.0" encoding="UTF-8"?>
<!-- Generated by org.testng.reporters.JUnitReportReporter -->
<testsuite hostname="surbhi" failures="0" tests="1" name="com.crm.Sdet.Demo.Demo1$DemoProject0" time="2.945" errors="0" timestamp="2022-08-16T19:46:04 IST" skipped="0">
  <testcase classname="com.crm.Sdet.Demo.Demo1$DemoProject0" name="demo1Test" time="2.945"/>
  <system-out/>
</testsuite> <!-- com.crm.Sdet.Demo.Demo1$DemoProject0 -->
