<?xml version="1.0" encoding="UTF-8"?>
<!-- Generated by org.testng.reporters.JUnitReportReporter -->
<testsuite hostname="surbhi" failures="0" tests="1" name="com.crm.Sdet.demo.Demo2" time="9.567" errors="0" timestamp="17 Aug 2022 09:32:47 GMT" skipped="0">
  <testcase classname="com.crm.Sdet.demo.Demo2" name="demo1Test" time="9.567"/>
</testsuite> <!-- com.crm.Sdet.demo.Demo2 -->
