<?xml version="1.0" encoding="UTF-8"?>
<!-- Generated by org.testng.reporters.JUnitReportReporter -->
<testsuite hostname="surbhi" failures="0" tests="1" name="DifferentWayToPOST.createProjectusingJSONFile" time="1.375" errors="0" timestamp="2022-09-24T10:15:37 IST" skipped="0">
  <testcase classname="DifferentWayToPOST.createProjectusingJSONFile" name="createProject" time="1.375"/>
  <system-out/>
</testsuite> <!-- DifferentWayToPOST.createProjectusingJSONFile -->
