<?xml version="1.0" encoding="UTF-8"?>
<!-- Generated by org.testng.reporters.JUnitReportReporter -->
<testsuite hostname="surbhi" failures="0" tests="1" name="DifferentWayToPOST.CreateProjectUsingHashMap" time="1.575" errors="0" timestamp="2022-09-24T09:46:56 IST" skipped="0">
  <testcase classname="DifferentWayToPOST.CreateProjectUsingHashMap" name="createProject" time="1.575"/>
  <system-out/>
</testsuite> <!-- DifferentWayToPOST.CreateProjectUsingHashMap -->
