<?xml version="1.0" encoding="UTF-8"?>
<!-- Generated by org.testng.reporters.JUnitReportReporter -->
<testsuite hostname="surbhi" failures="0" tests="1" name="SerializationDeserialization.DeserializationArray" time="0.190" errors="0" timestamp="2022-09-21T15:30:39 IST" skipped="0">
  <testcase classname="SerializationDeserialization.DeserializationArray" name="DeserializtionTest" time="0.190"/>
  <system-out/>
</testsuite> <!-- SerializationDeserialization.DeserializationArray -->
