<?xml version="1.0" encoding="UTF-8"?>
<!-- Generated by org.testng.reporters.JUnitReportReporter -->
<testsuite hostname="surbhi" failures="0" tests="1" name="SerializationDeserialization.serializationArray" time="0.139" errors="0" timestamp="2022-09-21T15:17:24 IST" skipped="0">
  <testcase classname="SerializationDeserialization.serializationArray" name="arraySerializationTest" time="0.139"/>
  <system-out/>
</testsuite> <!-- SerializationDeserialization.serializationArray -->
