<?xml version="1.0" encoding="UTF-8"?>
<!-- Generated by org.testng.reporters.JUnitReportReporter -->
<testsuite hostname="surbhi" failures="0" tests="1" name="DifferentWayToPOST.CreateProjectUsingJSONObject" time="1.724" errors="0" timestamp="2022-09-24T09:05:41 IST" skipped="0">
  <testcase classname="DifferentWayToPOST.CreateProjectUsingJSONObject" name="createProject" time="1.724"/>
  <system-out/>
</testsuite> <!-- DifferentWayToPOST.CreateProjectUsingJSONObject -->
