<?xml version="1.0" encoding="UTF-8"?>
<!-- Generated by org.testng.reporters.JUnitReportReporter -->
<testsuite hostname="surbhi" failures="0" tests="1" name="bdd.CRUDOperation.GetAllProjectTest" time="1.431" errors="0" timestamp="2022-09-24T08:18:35 IST" skipped="0">
  <testcase classname="bdd.CRUDOperation.GetAllProjectTest" name="GetAllProject" time="1.431"/>
  <system-out/>
</testsuite> <!-- bdd.CRUDOperation.GetAllProjectTest -->
