<?xml version="1.0" encoding="UTF-8"?>
<!-- Generated by org.testng.reporters.JUnitReportReporter -->
<testsuite hostname="surbhi" failures="0" tests="1" name="bdd.CRUDOperation.CreateProjectTest" time="1.610" errors="0" timestamp="2022-09-24T08:15:19 IST" skipped="0">
  <testcase classname="bdd.CRUDOperation.CreateProjectTest" name="CreateProject" time="1.610"/>
  <system-out/>
</testsuite> <!-- bdd.CRUDOperation.CreateProjectTest -->
