<?xml version="1.0" encoding="UTF-8"?>
<!-- Generated by org.testng.reporters.JUnitReportReporter -->
<testsuite hostname="surbhi" failures="0" tests="1" name="BasicCRUDOperation.CreateProjectTest" time="2.271" errors="0" timestamp="2022-09-23T15:31:03 IST" skipped="0">
  <testcase classname="BasicCRUDOperation.CreateProjectTest" name="createProjectTest" time="2.271"/>
  <system-out/>
</testsuite> <!-- BasicCRUDOperation.CreateProjectTest -->
