<?xml version="1.0" encoding="UTF-8"?>
<!-- Generated by org.testng.reporters.JUnitReportReporter -->
<testsuite hostname="surbhi" failures="0" tests="1" name="SerializationDeserialization.Deserialization" time="0.148" errors="0" timestamp="2022-09-21T15:38:46 IST" skipped="0">
  <testcase classname="SerializationDeserialization.Deserialization" name="DeserializtionTest" time="0.148"/>
  <system-out/>
</testsuite> <!-- SerializationDeserialization.Deserialization -->
