<?xml version="1.0" encoding="UTF-8"?>
<!-- Generated by org.testng.reporters.JUnitReportReporter -->
<testsuite hostname="surbhi" failures="0" tests="5" name="Practice1.dataProvider" time="0.017" errors="0" timestamp="2022-08-03T15:23:33 IST" skipped="0">
  <testcase classname="Practice1.dataProvider" name="bookTicket" time="0.004"/>
  <system-out/>
  <testcase classname="Practice1.dataProvider" name="bookTicket" time="0.002"/>
  <system-out/>
  <testcase classname="Practice1.dataProvider" name="bookTicket" time="0.002"/>
  <system-out/>
  <testcase classname="Practice1.dataProvider" name="bookTicket" time="0.003"/>
  <system-out/>
  <testcase classname="Practice1.dataProvider" name="bookTicket" time="0.006"/>
  <system-out/>
</testsuite> <!-- Practice1.dataProvider -->
