<?xml version="1.0" encoding="UTF-8"?>
<!-- Generated by org.testng.reporters.JUnitReportReporter -->
<testsuite hostname="surbhi" failures="0" tests="1" name="com.crm.Sdet.organization2.createOrganizationForCampaign" time="17.905" errors="0" timestamp="2022-08-11T16:18:32 IST" skipped="0">
  <testcase classname="com.crm.Sdet.organization2.createOrganizationForCampaign" name="createCampaignTest" time="17.905"/>
  <system-out/>
</testsuite> <!-- com.crm.Sdet.organization2.createOrganizationForCampaign -->
