<?xml version="1.0" encoding="UTF-8"?>
<!-- Generated by org.testng.reporters.JUnitReportReporter -->
<testsuite hostname="surbhi" failures="0" tests="1" name="ScreenShot.vtigerLoginPage" time="1.727" errors="0" timestamp="2022-08-09T11:53:29 IST" skipped="0">
  <testcase classname="ScreenShot.vtigerLoginPage" name="CaptureScreenShot" time="1.727"/>
  <system-out/>
</testsuite> <!-- ScreenShot.vtigerLoginPage -->
