<?xml version="1.0" encoding="UTF-8"?>
<!-- Generated by org.testng.reporters.JUnitReportReporter -->
<testsuite hostname="surbhi" failures="0" tests="7" name="Practice1.Sample" time="0.016" errors="0" timestamp="2022-08-03T14:50:05 IST" skipped="0">
  <testcase classname="Practice1.Sample" name="CreateCotact" time="0.008"/>
  <system-out/>
  <testcase classname="Practice1.Sample" name="modifyContact" time="0.001"/>
  <system-out/>
  <testcase classname="Practice1.Sample" name="modifyContact" time="0.001"/>
  <system-out/>
  <testcase classname="Practice1.Sample" name="deleteContact" time="0.001"/>
  <system-out/>
  <testcase classname="Practice1.Sample" name="modifyContact" time="0.002"/>
  <system-out/>
  <testcase classname="Practice1.Sample" name="modifyContact" time="0.001"/>
  <system-out/>
  <testcase classname="Practice1.Sample" name="modifyContact" time="0.002"/>
  <system-out/>
</testsuite> <!-- Practice1.Sample -->
