<?xml version="1.0" encoding="UTF-8"?>
<!-- Generated by org.testng.reporters.JUnitReportReporter -->
<testsuite hostname="surbhi" failures="0" tests="1" name="com.crm.Sdet.organization1.createOrganizationForproduct" time="29.052" errors="0" timestamp="2022-08-11T15:48:31 IST" skipped="0">
  <testcase classname="com.crm.Sdet.organization1.createOrganizationForproduct" name="createProduct" time="29.052"/>
  <system-out/>
</testsuite> <!-- com.crm.Sdet.organization1.createOrganizationForproduct -->
