<?xml version="1.0" encoding="UTF-8"?>
<!-- Generated by org.testng.reporters.JUnitReportReporter -->
<testsuite hostname="surbhi" failures="0" tests="1" name="Practice1.sample1" time="0.002" errors="0" timestamp="2022-08-08T13:36:46 IST" skipped="0">
  <testcase classname="Practice1.sample1" name="createcontact" time="0.002"/>
  <system-out/>
</testsuite> <!-- Practice1.sample1 -->
