<?xml version="1.0" encoding="UTF-8"?>
<!-- Generated by org.testng.reporters.JUnitReportReporter -->
<testsuite hostname="surbhi" failures="0" tests="1" name="com.crm.Sdet.demo.Demo2" time="3.001" errors="0" timestamp="2022-08-17T15:23:01 IST" skipped="0">
  <testcase classname="com.crm.Sdet.demo.Demo2" name="demo1Test" time="3.001"/>
  <system-out/>
</testsuite> <!-- com.crm.Sdet.demo.Demo2 -->
