<?xml version="1.0" encoding="UTF-8"?>
<!-- Generated by org.testng.reporters.JUnitReportReporter -->
<testsuite skipped="0" hostname="surbhi" name="com.crm.Sdet.organization.CreateOrganization" tests="1" failures="0" timestamp="11 Aug 2022 10:27:51 GMT" time="22.974" errors="0">
  <testcase name="createOrganization" time="22.974" classname="com.crm.Sdet.organization.CreateOrganization"/>
</testsuite> <!-- com.crm.Sdet.organization.CreateOrganization -->
