<?xml version="1.0" encoding="UTF-8"?>
<!-- Generated by org.testng.reporters.JUnitReportReporter -->
<testsuite skipped="0" hostname="surbhi" name="com.crm.Sdet.organization2.createOrganizationForCampaign" tests="1" failures="0" timestamp="11 Aug 2022 10:27:51 GMT" time="33.361" errors="0">
  <testcase name="createCampaignTest" time="33.361" classname="com.crm.Sdet.organization2.createOrganizationForCampaign"/>
</testsuite> <!-- com.crm.Sdet.organization2.createOrganizationForCampaign -->
